<?xml version="1.0" encoding="UTF-8"?>
<!-- Generated by org.testng.reporters.JUnitXMLReporter -->
<testsuite hostname="C40BF52AGJUNC" ignored="0" name="Default test" tests="5" failures="0" timestamp="22 Jan 2019 08:27:55 GMT" time="3.46" errors="0">
  <testcase name="getAPITestWithoutHeaders" time="3.383" classname="com.qa.tester.GetAPIwithoutHeaders"/>
  <testcase name="validateHeadersInResponse" time="0.0" classname="com.qa.tester.GetAPIwithoutHeaders"/>
  <testcase name="validateResponseData" time="0.031" classname="com.qa.tester.GetAPIwithoutHeaders"/>
  <testcase name="validateResponseTime" time="0.0" classname="com.qa.tester.GetAPIwithoutHeaders"/>
  <testcase name="validateStatusCode" time="0.0" classname="com.qa.tester.GetAPIwithoutHeaders"/>
</testsuite> <!-- Default test -->
