<?xml version="1.0" encoding="UTF-8"?>
<!-- Generated by org.testng.reporters.JUnitXMLReporter -->
<testsuite hostname="C40BF52AGJUNC" ignored="0" name="User-management" tests="10" failures="0" timestamp="22 Jan 2019 11:53:47 GMT" time="4.588" errors="0">
  <testcase name="getAPITestWithHeaders" time="1.244" classname="com.qa.tester.GetAPIwithHeaders"/>
  <testcase name="validateHeaders" time="0.002" classname="com.qa.tester.GetAPIwithHeaders"/>
  <testcase name="validateResponseData" time="0.009" classname="com.qa.tester.GetAPIwithHeaders"/>
  <testcase name="validateStatusCode" time="0.0" classname="com.qa.tester.GetAPIwithHeaders"/>
  <testcase name="getAPITestWithoutHeaders" time="2.389" classname="com.qa.tester.GetAPIwithoutHeaders"/>
  <testcase name="validateHeadersInResponse" time="0.001" classname="com.qa.tester.GetAPIwithoutHeaders"/>
  <testcase name="validateResponseData" time="0.002" classname="com.qa.tester.GetAPIwithoutHeaders"/>
  <testcase name="validateResponseTime" time="0.001" classname="com.qa.tester.GetAPIwithoutHeaders"/>
  <testcase name="validateStatusCode" time="0.001" classname="com.qa.tester.GetAPIwithoutHeaders"/>
  <testcase name="PostAPItest" time="0.907" classname="com.qa.tester.PostAPITest"/>
</testsuite> <!-- User-management -->
