<?xml version="1.0" encoding="UTF-8"?>
<!-- Generated by org.testng.reporters.JUnitXMLReporter -->
<testsuite hostname="C40BF52AGJUNC" ignored="0" name="User-management" tests="10" failures="0" timestamp="22 Jan 2019 09:41:18 GMT" time="16.994" errors="0">
  <testcase name="getAPITestWithHeaders" time="1.474" classname="com.qa.tester.GetAPIwithHeaders"/>
  <testcase name="validateHeaders" time="0.0" classname="com.qa.tester.GetAPIwithHeaders"/>
  <testcase name="validateResponseData" time="0.016" classname="com.qa.tester.GetAPIwithHeaders"/>
  <testcase name="validateStatusCode" time="0.0" classname="com.qa.tester.GetAPIwithHeaders"/>
  <testcase name="getAPITestWithoutHeaders" time="14.486" classname="com.qa.tester.GetAPIwithoutHeaders"/>
  <testcase name="validateHeadersInResponse" time="0.001" classname="com.qa.tester.GetAPIwithoutHeaders"/>
  <testcase name="validateResponseData" time="0.0" classname="com.qa.tester.GetAPIwithoutHeaders"/>
  <testcase name="validateResponseTime" time="0.0" classname="com.qa.tester.GetAPIwithoutHeaders"/>
  <testcase name="validateStatusCode" time="0.0" classname="com.qa.tester.GetAPIwithoutHeaders"/>
  <testcase name="PostAPItest" time="0.952" classname="com.qa.tester.PostAPITest"/>
</testsuite> <!-- User-management -->
