<?xml version="1.0" encoding="UTF-8"?>
<testng-results skipped="0" failed="0" ignored="0" total="9" passed="9">
  <reporter-output>
  </reporter-output>
  <suite name="AgJunction API check" duration-ms="6230" started-at="2019-01-17T10:05:08Z" finished-at="2019-01-17T10:05:14Z">
    <groups>
    </groups>
    <test name="User-management" duration-ms="6230" started-at="2019-01-17T10:05:08Z" finished-at="2019-01-17T10:05:14Z">
      <class name="com.qa.tester.GetAPIwithHeaders">
        <test-method status="PASS" signature="setup()[pri:0, instance:com.qa.tester.GetAPIwithHeaders@66a5755]" name="setup" is-config="true" duration-ms="10" started-at="2019-01-17T10:05:08Z" finished-at="2019-01-17T10:05:08Z">
          <reporter-output>
          </reporter-output>
        </test-method> <!-- setup -->
        <test-method status="PASS" signature="getAPITestWithHeaders()[pri:0, instance:com.qa.tester.GetAPIwithHeaders@66a5755]" name="getAPITestWithHeaders" duration-ms="1205" started-at="2019-01-17T10:05:08Z" finished-at="2019-01-17T10:05:09Z">
          <reporter-output>
          </reporter-output>
        </test-method> <!-- getAPITestWithHeaders -->
        <test-method status="PASS" signature="validateHeaders()[pri:0, instance:com.qa.tester.GetAPIwithHeaders@66a5755]" name="validateHeaders" duration-ms="31" started-at="2019-01-17T10:05:09Z" finished-at="2019-01-17T10:05:09Z">
          <reporter-output>
          </reporter-output>
        </test-method> <!-- validateHeaders -->
        <test-method status="PASS" signature="validateResponseData()[pri:0, instance:com.qa.tester.GetAPIwithHeaders@66a5755]" name="validateResponseData" duration-ms="16" started-at="2019-01-17T10:05:09Z" finished-at="2019-01-17T10:05:09Z">
          <reporter-output>
          </reporter-output>
        </test-method> <!-- validateResponseData -->
        <test-method status="PASS" signature="teardown()[pri:0, instance:com.qa.tester.GetAPIwithHeaders@66a5755]" name="teardown" is-config="true" duration-ms="0" started-at="2019-01-17T10:05:09Z" finished-at="2019-01-17T10:05:09Z">
          <reporter-output>
          </reporter-output>
        </test-method> <!-- teardown -->
        <test-method status="PASS" signature="validateStatusCode()[pri:0, instance:com.qa.tester.GetAPIwithHeaders@66a5755]" name="validateStatusCode" duration-ms="0" started-at="2019-01-17T10:05:09Z" finished-at="2019-01-17T10:05:09Z">
          <reporter-output>
          </reporter-output>
        </test-method> <!-- validateStatusCode -->
      </class> <!-- com.qa.tester.GetAPIwithHeaders -->
      <class name="com.qa.tester.PostAPITest">
        <test-method status="PASS" signature="setup()[pri:0, instance:com.qa.tester.PostAPITest@6d6d480c]" name="setup" is-config="true" duration-ms="0" started-at="2019-01-17T10:05:10Z" finished-at="2019-01-17T10:05:10Z">
          <reporter-output>
          </reporter-output>
        </test-method> <!-- setup -->
        <test-method status="PASS" signature="PostAPItest()[pri:0, instance:com.qa.tester.PostAPITest@6d6d480c]" name="PostAPItest" duration-ms="4026" started-at="2019-01-17T10:05:10Z" finished-at="2019-01-17T10:05:14Z">
          <reporter-output>
          </reporter-output>
        </test-method> <!-- PostAPItest -->
        <test-method status="PASS" signature="teardown()[pri:0, instance:com.qa.tester.PostAPITest@6d6d480c]" name="teardown" is-config="true" duration-ms="4" started-at="2019-01-17T10:05:14Z" finished-at="2019-01-17T10:05:14Z">
          <reporter-output>
          </reporter-output>
        </test-method> <!-- teardown -->
      </class> <!-- com.qa.tester.PostAPITest -->
      <class name="com.qa.tester.GetAPIwithoutHeaders">
        <test-method status="PASS" signature="setup()[pri:0, instance:com.qa.tester.GetAPIwithoutHeaders@771a7d53]" name="setup" is-config="true" duration-ms="15" started-at="2019-01-17T10:05:09Z" finished-at="2019-01-17T10:05:09Z">
          <reporter-output>
          </reporter-output>
        </test-method> <!-- setup -->
        <test-method status="PASS" signature="getAPITestWithoutHeaders()[pri:0, instance:com.qa.tester.GetAPIwithoutHeaders@771a7d53]" name="getAPITestWithoutHeaders" duration-ms="833" started-at="2019-01-17T10:05:09Z" finished-at="2019-01-17T10:05:10Z">
          <reporter-output>
          </reporter-output>
        </test-method> <!-- getAPITestWithoutHeaders -->
        <test-method status="PASS" signature="validateHeadersInResponse()[pri:0, instance:com.qa.tester.GetAPIwithoutHeaders@771a7d53]" name="validateHeadersInResponse" duration-ms="50" started-at="2019-01-17T10:05:10Z" finished-at="2019-01-17T10:05:10Z">
          <reporter-output>
          </reporter-output>
        </test-method> <!-- validateHeadersInResponse -->
        <test-method status="PASS" signature="validateResponseData()[pri:0, instance:com.qa.tester.GetAPIwithoutHeaders@771a7d53]" name="validateResponseData" duration-ms="16" started-at="2019-01-17T10:05:10Z" finished-at="2019-01-17T10:05:10Z">
          <reporter-output>
          </reporter-output>
        </test-method> <!-- validateResponseData -->
        <test-method status="PASS" signature="validateStatusCode()[pri:0, instance:com.qa.tester.GetAPIwithoutHeaders@771a7d53]" name="validateStatusCode" duration-ms="16" started-at="2019-01-17T10:05:10Z" finished-at="2019-01-17T10:05:10Z">
          <reporter-output>
          </reporter-output>
        </test-method> <!-- validateStatusCode -->
        <test-method status="PASS" signature="teardown()[pri:0, instance:com.qa.tester.GetAPIwithoutHeaders@771a7d53]" name="teardown" is-config="true" duration-ms="0" started-at="2019-01-17T10:05:10Z" finished-at="2019-01-17T10:05:10Z">
          <reporter-output>
          </reporter-output>
        </test-method> <!-- teardown -->
      </class> <!-- com.qa.tester.GetAPIwithoutHeaders -->
    </test> <!-- User-management -->
  </suite> <!-- AgJunction API check -->
</testng-results>
