<?xml version="1.0" encoding="UTF-8"?>
<!-- Generated by org.testng.reporters.JUnitXMLReporter -->
<testsuite hostname="C40BF52AGJUNC" ignored="0" name="User-management" tests="9" failures="0" timestamp="17 Jan 2019 10:05:14 GMT" time="6.23" errors="0">
  <testcase name="getAPITestWithHeaders" time="1.205" classname="com.qa.tester.GetAPIwithHeaders"/>
  <testcase name="validateHeaders" time="0.031" classname="com.qa.tester.GetAPIwithHeaders"/>
  <testcase name="validateResponseData" time="0.016" classname="com.qa.tester.GetAPIwithHeaders"/>
  <testcase name="validateStatusCode" time="0.0" classname="com.qa.tester.GetAPIwithHeaders"/>
  <testcase name="getAPITestWithoutHeaders" time="0.833" classname="com.qa.tester.GetAPIwithoutHeaders"/>
  <testcase name="validateHeadersInResponse" time="0.05" classname="com.qa.tester.GetAPIwithoutHeaders"/>
  <testcase name="validateResponseData" time="0.016" classname="com.qa.tester.GetAPIwithoutHeaders"/>
  <testcase name="validateStatusCode" time="0.016" classname="com.qa.tester.GetAPIwithoutHeaders"/>
  <testcase name="PostAPItest" time="4.026" classname="com.qa.tester.PostAPITest"/>
</testsuite> <!-- User-management -->
