<?xml version="1.0" encoding="UTF-8"?>
<!-- Generated by org.testng.reporters.JUnitXMLReporter -->
<testsuite hostname="C40BF52AGJUNC" ignored="0" name="User-management" tests="10" failures="0" timestamp="22 Jan 2019 11:57:05 GMT" time="25.447" errors="0">
  <testcase name="getAPITestWithHeaders" time="1.398" classname="com.qa.tester.GetAPIwithHeaders"/>
  <testcase name="validateHeaders" time="0.002" classname="com.qa.tester.GetAPIwithHeaders"/>
  <testcase name="validateResponseData" time="0.008" classname="com.qa.tester.GetAPIwithHeaders"/>
  <testcase name="validateStatusCode" time="0.001" classname="com.qa.tester.GetAPIwithHeaders"/>
  <testcase name="getAPITestWithoutHeaders" time="23.277" classname="com.qa.tester.GetAPIwithoutHeaders"/>
  <testcase name="validateHeadersInResponse" time="0.005" classname="com.qa.tester.GetAPIwithoutHeaders"/>
  <testcase name="validateResponseData" time="0.004" classname="com.qa.tester.GetAPIwithoutHeaders"/>
  <testcase name="validateResponseTime" time="0.001" classname="com.qa.tester.GetAPIwithoutHeaders"/>
  <testcase name="validateStatusCode" time="0.001" classname="com.qa.tester.GetAPIwithoutHeaders"/>
  <testcase name="PostAPItest" time="0.726" classname="com.qa.tester.PostAPITest"/>
</testsuite> <!-- User-management -->
