<?xml version="1.0" encoding="UTF-8"?>
<testng-results skipped="0" failed="0" ignored="0" total="9" passed="9">
  <reporter-output>
  </reporter-output>
  <suite name="AgJunction API check" duration-ms="6813" started-at="2019-01-17T05:51:15Z" finished-at="2019-01-17T05:51:21Z">
    <groups>
    </groups>
    <test name="User-management" duration-ms="6813" started-at="2019-01-17T05:51:15Z" finished-at="2019-01-17T05:51:21Z">
      <class name="com.qa.tester.GetAPIwithHeaders">
        <test-method status="PASS" signature="setup()[pri:0, instance:com.qa.tester.GetAPIwithHeaders@dc24521]" name="setup" is-config="true" duration-ms="16" started-at="2019-01-17T05:51:15Z" finished-at="2019-01-17T05:51:15Z">
          <reporter-output>
          </reporter-output>
        </test-method> <!-- setup -->
        <test-method status="PASS" signature="getAPITestWithHeaders()[pri:0, instance:com.qa.tester.GetAPIwithHeaders@dc24521]" name="getAPITestWithHeaders" duration-ms="4641" started-at="2019-01-17T05:51:15Z" finished-at="2019-01-17T05:51:19Z">
          <reporter-output>
          </reporter-output>
        </test-method> <!-- getAPITestWithHeaders -->
        <test-method status="PASS" signature="validateHeaders()[pri:0, instance:com.qa.tester.GetAPIwithHeaders@dc24521]" name="validateHeaders" duration-ms="16" started-at="2019-01-17T05:51:19Z" finished-at="2019-01-17T05:51:19Z">
          <reporter-output>
          </reporter-output>
        </test-method> <!-- validateHeaders -->
        <test-method status="PASS" signature="validateResponseData()[pri:0, instance:com.qa.tester.GetAPIwithHeaders@dc24521]" name="validateResponseData" duration-ms="0" started-at="2019-01-17T05:51:19Z" finished-at="2019-01-17T05:51:19Z">
          <reporter-output>
          </reporter-output>
        </test-method> <!-- validateResponseData -->
        <test-method status="PASS" signature="teardown()[pri:0, instance:com.qa.tester.GetAPIwithHeaders@dc24521]" name="teardown" is-config="true" duration-ms="0" started-at="2019-01-17T05:51:19Z" finished-at="2019-01-17T05:51:19Z">
          <reporter-output>
          </reporter-output>
        </test-method> <!-- teardown -->
        <test-method status="PASS" signature="validateStatusCode()[pri:0, instance:com.qa.tester.GetAPIwithHeaders@dc24521]" name="validateStatusCode" duration-ms="0" started-at="2019-01-17T05:51:19Z" finished-at="2019-01-17T05:51:19Z">
          <reporter-output>
          </reporter-output>
        </test-method> <!-- validateStatusCode -->
      </class> <!-- com.qa.tester.GetAPIwithHeaders -->
      <class name="com.qa.tester.PostAPITest">
        <test-method status="PASS" signature="PostAPItest()[pri:0, instance:com.qa.tester.PostAPITest@6e1ec318]" name="PostAPItest" duration-ms="903" started-at="2019-01-17T05:51:20Z" finished-at="2019-01-17T05:51:21Z">
          <reporter-output>
          </reporter-output>
        </test-method> <!-- PostAPItest -->
        <test-method status="PASS" signature="setup()[pri:0, instance:com.qa.tester.PostAPITest@6e1ec318]" name="setup" is-config="true" duration-ms="0" started-at="2019-01-17T05:51:20Z" finished-at="2019-01-17T05:51:20Z">
          <reporter-output>
          </reporter-output>
        </test-method> <!-- setup -->
        <test-method status="PASS" signature="teardown()[pri:0, instance:com.qa.tester.PostAPITest@6e1ec318]" name="teardown" is-config="true" duration-ms="0" started-at="2019-01-17T05:51:21Z" finished-at="2019-01-17T05:51:21Z">
          <reporter-output>
          </reporter-output>
        </test-method> <!-- teardown -->
      </class> <!-- com.qa.tester.PostAPITest -->
      <class name="com.qa.tester.GetAPIwithoutHeaders">
        <test-method status="PASS" signature="setup()[pri:0, instance:com.qa.tester.GetAPIwithoutHeaders@10bdf5e5]" name="setup" is-config="true" duration-ms="0" started-at="2019-01-17T05:51:19Z" finished-at="2019-01-17T05:51:19Z">
          <reporter-output>
          </reporter-output>
        </test-method> <!-- setup -->
        <test-method status="PASS" signature="getAPITestWithoutHeaders()[pri:0, instance:com.qa.tester.GetAPIwithoutHeaders@10bdf5e5]" name="getAPITestWithoutHeaders" duration-ms="1219" started-at="2019-01-17T05:51:19Z" finished-at="2019-01-17T05:51:20Z">
          <reporter-output>
          </reporter-output>
        </test-method> <!-- getAPITestWithoutHeaders -->
        <test-method status="PASS" signature="validateResponseData()[pri:0, instance:com.qa.tester.GetAPIwithoutHeaders@10bdf5e5]" name="validateResponseData" duration-ms="0" started-at="2019-01-17T05:51:20Z" finished-at="2019-01-17T05:51:20Z">
          <reporter-output>
          </reporter-output>
        </test-method> <!-- validateResponseData -->
        <test-method status="PASS" signature="teardown()[pri:0, instance:com.qa.tester.GetAPIwithoutHeaders@10bdf5e5]" name="teardown" is-config="true" duration-ms="0" started-at="2019-01-17T05:51:20Z" finished-at="2019-01-17T05:51:20Z">
          <reporter-output>
          </reporter-output>
        </test-method> <!-- teardown -->
        <test-method status="PASS" signature="validateHeadersInResponse()[pri:0, instance:com.qa.tester.GetAPIwithoutHeaders@10bdf5e5]" name="validateHeadersInResponse" duration-ms="0" started-at="2019-01-17T05:51:20Z" finished-at="2019-01-17T05:51:20Z">
          <reporter-output>
          </reporter-output>
        </test-method> <!-- validateHeadersInResponse -->
        <test-method status="PASS" signature="validateStatusCode()[pri:0, instance:com.qa.tester.GetAPIwithoutHeaders@10bdf5e5]" name="validateStatusCode" duration-ms="0" started-at="2019-01-17T05:51:20Z" finished-at="2019-01-17T05:51:20Z">
          <reporter-output>
          </reporter-output>
        </test-method> <!-- validateStatusCode -->
      </class> <!-- com.qa.tester.GetAPIwithoutHeaders -->
    </test> <!-- User-management -->
  </suite> <!-- AgJunction API check -->
</testng-results>
